2018-11-19 22:46:25,632 : INFO : Batch 1000 of 4881. Average loss over past 1000 batches: 8.119
2018-11-19 22:46:37,869 : INFO : Batch 2000 of 4881. Average loss over past 1000 batches: 6.142
2018-11-19 22:46:50,061 : INFO : Batch 3000 of 4881. Average loss over past 1000 batches: 5.357
2018-11-19 22:47:02,263 : INFO : Batch 4000 of 4881. Average loss over past 1000 batches: 5.055
2018-11-19 22:47:13,123 : INFO : 
Done epoch 0. Some common words and their neighbours:
2018-11-19 22:47:13,202 : INFO : 
set: ['take', 'yyyy).', 'broader', 'beamed', 'cadbury']
down: ['budgetary', 'conceding', 'foods', 'seconds', 'expected']
two: ['three', 'help', 'afl-cio,', 'uchachinggg', 'undo']
which: ['october', "firms'", 'been', 'likely', 'anti-u.s.']
quarter: ['quarter,', 'talks', 'excess', 'day', 'formulation']
industry: ['cycle', 'decline,', 'minutes', 'states', "boc's"]
chairman: ['computer-based', 'mills', 'events', 'pull', 'eradicated']
we: ['they', 'i', 'this', 'area', 'minister,']
2018-11-19 22:47:25,518 : INFO : Batch 1000 of 4881. Average loss over past 1000 batches: 8.534
2018-11-19 22:47:37,609 : INFO : Batch 2000 of 4881. Average loss over past 1000 batches: 4.167
2018-11-19 22:47:49,912 : INFO : Batch 3000 of 4881. Average loss over past 1000 batches: 4.026
2018-11-19 22:48:02,075 : INFO : Batch 4000 of 4881. Average loss over past 1000 batches: 3.986
2018-11-19 22:48:12,690 : INFO : 
Done epoch 1. Some common words and their neighbours:
2018-11-19 22:48:12,727 : INFO : 
set: ['signed', 'take', 'judgment', 'strained', 'introducing']
down: ['up', 'seconds', 'budgetary', 'diversey,', 'moscow']
two: ['three', 'four', 'six', 'five', 'uchachinggg']
which: ['while', 'likely', 'that', 'abroad.', 'also']
quarter: ['quarter,', 'half', 'quarter.', 'day', 'excess']
industry: ['cycle', 'decline,', 'market', 'economy', 'wife']
chairman: ['officer', 'mild', 'computer', 'analyst', 'strategically,']
we: ['they', 'i', 'you', 'investors', 'people']
2018-11-19 22:48:25,002 : INFO : Batch 1000 of 4881. Average loss over past 1000 batches: 7.096
2018-11-19 22:48:37,119 : INFO : Batch 2000 of 4881. Average loss over past 1000 batches: 3.590
2018-11-19 22:48:49,105 : INFO : Batch 3000 of 4881. Average loss over past 1000 batches: 3.514
2018-11-19 22:49:01,421 : INFO : Batch 4000 of 4881. Average loss over past 1000 batches: 3.504
2018-11-19 22:49:12,121 : INFO : 
Done epoch 2. Some common words and their neighbours:
2018-11-19 22:49:12,173 : INFO : 
set: ['setting', 'pick', 'signed', 'picked', 'opened']
down: ['up', 'seconds', 'diversey,', 'off', 'unchanged']
two: ['three', 'four', 'six', 'five', 'several']
which: ['while', 'that', 'also', 'whose', 'anti-u.s.']
quarter: ['quarter,', 'half', 'quarter.', 'day', 'year']
industry: ['cycle', 'decline,', 'market', 'economy', 'wife']
chairman: ['officer', 'president', 'director', 'head', 'executive']
we: ['they', 'you', 'i', 'investors', 'people']
2018-11-19 22:49:24,481 : INFO : Batch 1000 of 4881. Average loss over past 1000 batches: 6.333
2018-11-19 22:49:36,687 : INFO : Batch 2000 of 4881. Average loss over past 1000 batches: 3.247
2018-11-19 22:49:49,012 : INFO : Batch 3000 of 4881. Average loss over past 1000 batches: 3.196
2018-11-19 22:50:01,078 : INFO : Batch 4000 of 4881. Average loss over past 1000 batches: 3.188
2018-11-19 22:50:12,090 : INFO : 
Done epoch 3. Some common words and their neighbours:
2018-11-19 22:50:12,126 : INFO : 
set: ['setting', 'picked', 'teamed', 'drawing', 'pick']
down: ['up', 'off', 'away', 'unchanged', 'diversey,']
two: ['three', 'four', 'five', 'six', 'several']
which: ['while', 'whose', 'also', 'that', 'anti-u.s.']
quarter: ['quarter,', 'half', 'quarter.', 'day', 'gains']
industry: ['decline,', 'cycle', 'market', '(hhc)', 'subscribed']
chairman: ['president', 'director', 'head', 'officer', 'governor']
we: ['they', 'you', 'i', 'investors', 'people']
2018-11-19 22:50:24,298 : INFO : Batch 1000 of 4881. Average loss over past 1000 batches: 5.813
2018-11-19 22:50:36,672 : INFO : Batch 2000 of 4881. Average loss over past 1000 batches: 3.004
2018-11-19 22:50:48,987 : INFO : Batch 3000 of 4881. Average loss over past 1000 batches: 2.966
2018-11-19 22:51:01,338 : INFO : Batch 4000 of 4881. Average loss over past 1000 batches: 2.950
2018-11-19 22:51:12,113 : INFO : 
Done epoch 4. Some common words and their neighbours:
2018-11-19 22:51:12,163 : INFO : 
set: ['picked', 'teamed', 'setting', 'drawing', 'pick']
down: ['up', 'off', 'away', 'rising', 'unchanged']
two: ['three', 'four', 'five', 'several', 'six']
which: ['while', 'whose', 'also', 'that', 'where']
quarter: ['quarter,', 'half', 'quarter.', 'day', 'gains']
industry: ['market', 'decline,', 'cycle', '(hhc)', 'door,']
chairman: ['president', 'head', 'director', 'officer', 'governor']
we: ['they', 'you', 'i', 'investors', 'things']
2018-11-19 22:51:24,591 : INFO : Batch 1000 of 4881. Average loss over past 1000 batches: 5.420
2018-11-19 22:51:36,708 : INFO : Batch 2000 of 4881. Average loss over past 1000 batches: 2.812
2018-11-19 22:51:48,979 : INFO : Batch 3000 of 4881. Average loss over past 1000 batches: 2.790
2018-11-19 22:52:01,261 : INFO : Batch 4000 of 4881. Average loss over past 1000 batches: 2.766
2018-11-19 22:52:12,061 : INFO : 
Done epoch 5. Some common words and their neighbours:
2018-11-19 22:52:12,104 : INFO : 
set: ['setting', 'teamed', 'picked', 'drawing', 'pick']
down: ['up', 'off', 'away', 'unchanged', 'diversey,']
two: ['three', 'four', 'five', 'several', 'six']
which: ['whose', 'while', 'also', 'where', 'renewable']
quarter: ['quarter,', 'half', 'quarter.', 'leg', 'day']
industry: ['market', 'decline,', 'cycle', 'watchdog.', '(hhc)']
chairman: ['president', 'head', 'director', 'officer', 'governor']
we: ['they', 'you', 'i', 'investors', 'things']
2018-11-19 22:52:24,415 : INFO : Batch 1000 of 4881. Average loss over past 1000 batches: 5.104
2018-11-19 22:52:36,908 : INFO : Batch 2000 of 4881. Average loss over past 1000 batches: 2.659
2018-11-19 22:52:49,019 : INFO : Batch 3000 of 4881. Average loss over past 1000 batches: 2.647
