2018-11-19 22:53:59,121 : INFO : Batch 1000 of 5019. Average loss over past 1000 batches: 8.151
2018-11-19 22:54:11,384 : INFO : Batch 2000 of 5019. Average loss over past 1000 batches: 6.025
2018-11-19 22:54:23,962 : INFO : Batch 3000 of 5019. Average loss over past 1000 batches: 5.244
2018-11-19 22:54:35,984 : INFO : Batch 4000 of 5019. Average loss over past 1000 batches: 4.891
2018-11-19 22:54:48,166 : INFO : Batch 5000 of 5019. Average loss over past 1000 batches: 4.586
2018-11-19 22:54:48,386 : INFO : 
Done epoch 0. Some common words and their neighbours:
2018-11-19 22:54:48,439 : INFO : 
one: ['the', 'an', 'ahead', 'fear', 'zuckerman']
president: ['germany', 'cogema', 'grandfather', 'vaclav', 'airlines']
but: ['that', 'market', 'carrying', 'say', 'criticised']
analyst: ['mistaken', 'relaunched', 'recruitment', 'private', 'denan']
it: ['you', 'been', 'they', 'he', 'still']
pounds: ['analyse', 'pound', 'coverage', 'seminar', 'oil']
has: ['have', 'had', 'was', 'enter', 'elves']
have: ['has', 'had', 'interconnection', 've', 'expect']
2018-11-19 22:55:00,707 : INFO : Batch 1000 of 5019. Average loss over past 1000 batches: 4.316
2018-11-19 22:55:13,083 : INFO : Batch 2000 of 5019. Average loss over past 1000 batches: 4.005
2018-11-19 22:55:25,217 : INFO : Batch 3000 of 5019. Average loss over past 1000 batches: 3.911
2018-11-19 22:55:37,500 : INFO : Batch 4000 of 5019. Average loss over past 1000 batches: 3.838
2018-11-19 22:55:49,990 : INFO : Batch 5000 of 5019. Average loss over past 1000 batches: 3.770
2018-11-19 22:55:50,217 : INFO : 
Done epoch 1. Some common words and their neighbours:
2018-11-19 22:55:50,268 : INFO : 
one: ['the', 'another', 'an', 'a', 'zuckerman']
president: ['chairman', 'grandfather', 'germany', 'bax', 'airlines']
but: ['however', 'that', 'because', 'where', 'say']
analyst: ['spokesman', 'official', 'recruitment', 'relaunched', 'lin']
it: ['he', 'they', 'you', 'that', 'she']
pounds: ['pound', 'yuan', 'subscribers', 'stg', 'coverage']
has: ['had', 'have', 'was', 'is', 'took']
have: ['had', 'has', 've', 'expect', 'see']
2018-11-19 22:56:02,669 : INFO : Batch 1000 of 5019. Average loss over past 1000 batches: 3.646
2018-11-19 22:56:15,064 : INFO : Batch 2000 of 5019. Average loss over past 1000 batches: 3.472
2018-11-19 22:56:27,279 : INFO : Batch 3000 of 5019. Average loss over past 1000 batches: 3.434
2018-11-19 22:56:39,275 : INFO : Batch 4000 of 5019. Average loss over past 1000 batches: 3.388
2018-11-19 22:56:51,461 : INFO : Batch 5000 of 5019. Average loss over past 1000 batches: 3.382
2018-11-19 22:56:51,681 : INFO : 
Done epoch 2. Some common words and their neighbours:
2018-11-19 22:56:51,725 : INFO : 
one: ['another', 'a', 'the', 'an', 'pressures']
president: ['chairman', 'grandfather', 'germany', 'bax', 'gehe']
but: ['however', 'that', 'while', 'because', 'although']
analyst: ['spokesman', 'official', 'trader', 'lin', 'broker']
it: ['he', 'they', 'she', 'there', 'that']
pounds: ['pound', 'yuan', 'stg', 'subscribers', 'tonnes']
has: ['had', 'have', 'was', 'took', 'is']
have: ['had', 'has', 've', 'include', 'see']
2018-11-19 22:57:03,981 : INFO : Batch 1000 of 5019. Average loss over past 1000 batches: 3.285
2018-11-19 22:57:16,199 : INFO : Batch 2000 of 5019. Average loss over past 1000 batches: 3.166
2018-11-19 22:57:28,199 : INFO : Batch 3000 of 5019. Average loss over past 1000 batches: 3.150
2018-11-19 22:57:40,411 : INFO : Batch 4000 of 5019. Average loss over past 1000 batches: 3.102
2018-11-19 22:57:52,718 : INFO : Batch 5000 of 5019. Average loss over past 1000 batches: 3.126
2018-11-19 22:57:52,933 : INFO : 
Done epoch 3. Some common words and their neighbours:
2018-11-19 22:57:52,987 : INFO : 
one: ['another', 'a', 'the', 'queries', 'karen']
president: ['chairman', 'director', 'grandfather', 'gehe', 'arrived']
but: ['however', 'although', 'while', 'because', 'though']
analyst: ['spokesman', 'official', 'trader', 'broker', 'lin']
it: ['he', 'she', 'they', 'there', 'we']
pounds: ['pound', 'stg', 'yuan', 'subscribers', 'tonnes']
has: ['had', 'have', 'was', 'took', 'is']
have: ['had', 'has', 've', 'include', 'see']
2018-11-19 22:58:05,079 : INFO : Batch 1000 of 5019. Average loss over past 1000 batches: 3.041
2018-11-19 22:58:17,173 : INFO : Batch 2000 of 5019. Average loss over past 1000 batches: 2.953
2018-11-19 22:58:29,307 : INFO : Batch 3000 of 5019. Average loss over past 1000 batches: 2.949
2018-11-19 22:58:41,517 : INFO : Batch 4000 of 5019. Average loss over past 1000 batches: 2.897
2018-11-19 22:58:53,363 : INFO : Batch 5000 of 5019. Average loss over past 1000 batches: 2.937
2018-11-19 22:58:53,602 : INFO : 
Done epoch 4. Some common words and their neighbours:
2018-11-19 22:58:53,642 : INFO : 
one: ['another', 'a', 'queries', 'provisioned', 'prospect']
president: ['chairman', 'director', 'mayor', 'gehe', 'grandfather']
but: ['however', 'although', 'while', 'because', 'though']
analyst: ['broker', 'trader', 'spokesman', 'official', 'manager']
it: ['he', 'she', 'they', 'there', 'everybody']
pounds: ['stg', 'pound', 'yuan', 'subscribers', 'tonnes']
has: ['had', 'have', 'was', 'having', 'took']
have: ['had', 'has', 've', 'include', 'haven']
2018-11-19 22:59:05,882 : INFO : Batch 1000 of 5019. Average loss over past 1000 batches: 2.860
2018-11-19 22:59:18,106 : INFO : Batch 2000 of 5019. Average loss over past 1000 batches: 2.790
2018-11-19 22:59:30,111 : INFO : Batch 3000 of 5019. Average loss over past 1000 batches: 2.792
2018-11-19 22:59:42,392 : INFO : Batch 4000 of 5019. Average loss over past 1000 batches: 2.744
2018-11-19 22:59:54,512 : INFO : Batch 5000 of 5019. Average loss over past 1000 batches: 2.786
2018-11-19 22:59:54,730 : INFO : 
Done epoch 5. Some common words and their neighbours:
2018-11-19 22:59:54,778 : INFO : 
one: ['another', 'queries', 'a', 'provisioned', 'insolvency']
president: ['chairman', 'director', 'mayor', 'head', 'gehe']
but: ['however', 'although', 'while', 'though', 'because']
analyst: ['broker', 'trader', 'spokesman', 'consultant', 'manager']
it: ['he', 'she', 'they', 'there', 'everyone']
pounds: ['stg', 'pound', 'yuan', 'francs', 'subscribers']
has: ['had', 'have', 'having', 've', 'was']
have: ['had', 'has', 've', 'include', 'having']
2018-11-19 23:00:06,667 : INFO : Batch 1000 of 5019. Average loss over past 1000 batches: 2.711
2018-11-19 23:00:18,830 : INFO : Batch 2000 of 5019. Average loss over past 1000 batches: 2.659
2018-11-19 23:00:31,116 : INFO : Batch 3000 of 5019. Average loss over past 1000 batches: 2.666
2018-11-19 23:00:43,418 : INFO : Batch 4000 of 5019. Average loss over past 1000 batches: 2.614
2018-11-19 23:00:55,365 : INFO : Batch 5000 of 5019. Average loss over past 1000 batches: 2.666
2018-11-19 23:00:55,579 : INFO : 
Done epoch 6. Some common words and their neighbours:
2018-11-19 23:00:55,614 : INFO : 
one: ['another', 'queries', 'provisioned', 'a', 'futher']
president: ['chairman', 'director', 'mayor', 'head', 'presidents']
but: ['although', 'however', 'while', 'though', 'because']
analyst: ['broker', 'trader', 'consultant', 'manager', 'spokesman']
it: ['he', 'she', 'they', 'everyone', 'everybody']
pounds: ['stg', 'pound', 'yuan', 'subscribers', 'francs']
has: ['had', 'have', 've', 'having', 'hasn']
have: ['had', 'has', 've', 'include', 'haven']
2018-11-19 23:01:07,832 : INFO : Batch 1000 of 5019. Average loss over past 1000 batches: 2.593
2018-11-19 23:01:20,090 : INFO : Batch 2000 of 5019. Average loss over past 1000 batches: 2.554
2018-11-19 23:01:31,996 : INFO : Batch 3000 of 5019. Average loss over past 1000 batches: 2.558
2018-11-19 23:01:44,187 : INFO : Batch 4000 of 5019. Average loss over past 1000 batches: 2.505
2018-11-19 23:01:56,529 : INFO : Batch 5000 of 5019. Average loss over past 1000 batches: 2.563
2018-11-19 23:01:56,730 : INFO : 
Done epoch 7. Some common words and their neighbours:
2018-11-19 23:01:56,782 : INFO : 
one: ['another', 'provisioned', 'queries', 'futher', 'a']
president: ['chairman', 'director', 'mayor', 'head', 'presidents']
but: ['although', 'however', 'while', 'because', 'though']
analyst: ['broker', 'trader', 'consultant', 'manager', 'specialist']
it: ['he', 'she', 'they', 'everyone', 'everybody']
pounds: ['stg', 'pound', 'yuan', 'francs', 'subscribers']
has: ['had', 'have', 've', 'hasn', 'having']
have: ['had', 'has', 've', 'include', 'haven']
2018-11-19 23:02:08,994 : INFO : Batch 1000 of 5019. Average loss over past 1000 batches: 2.488
2018-11-19 23:02:21,233 : INFO : Batch 2000 of 5019. Average loss over past 1000 batches: 2.459
2018-11-19 23:02:33,575 : INFO : Batch 3000 of 5019. Average loss over past 1000 batches: 2.473
2018-11-19 23:02:45,878 : INFO : Batch 4000 of 5019. Average loss over past 1000 batches: 2.416
2018-11-19 23:02:57,819 : INFO : Batch 5000 of 5019. Average loss over past 1000 batches: 2.480
2018-11-19 23:02:58,032 : INFO : 
Done epoch 8. Some common words and their neighbours:
2018-11-19 23:02:58,087 : INFO : 
one: ['another', 'queries', 'provisioned', 'lourey', 'a']
president: ['chairman', 'director', 'mayor', 'head', 'presidents']
but: ['although', 'however', 'while', 'because', 'though']
analyst: ['broker', 'trader', 'consultant', 'specialist', 'manager']
it: ['he', 'she', 'they', 'everyone', 'everybody']
pounds: ['stg', 'pound', 'francs', 'crowns', 'subscribers']
has: ['had', 'have', 'having', 'hasn', 've']
have: ['had', 'has', 've', 'haven', 'having']
2018-11-19 23:03:10,320 : INFO : Batch 1000 of 5019. Average loss over past 1000 batches: 2.407
2018-11-19 23:03:22,381 : INFO : Batch 2000 of 5019. Average loss over past 1000 batches: 2.383
2018-11-19 23:03:34,291 : INFO : Batch 3000 of 5019. Average loss over past 1000 batches: 2.396
2018-11-19 23:03:46,430 : INFO : Batch 4000 of 5019. Average loss over past 1000 batches: 2.341
2018-11-19 23:03:58,712 : INFO : Batch 5000 of 5019. Average loss over past 1000 batches: 2.402
2018-11-19 23:03:58,932 : INFO : 
Done epoch 9. Some common words and their neighbours:
2018-11-19 23:03:58,981 : INFO : 
one: ['another', 'provisioned', 'queries', 'lourey', 'efficacy']
president: ['chairman', 'director', 'mayor', 'head', 'presidents']
but: ['although', 'however', 'while', 'because', 'though']
analyst: ['broker', 'consultant', 'specialist', 'trader', 'manager']
it: ['he', 'she', 'they', 'everyone', 'bt']
pounds: ['stg', 'pound', 'francs', 'subscribers', 'crowns']
has: ['had', 'have', 'hasn', 'having', 've']
have: ['had', 'has', 've', 'haven', 'having']
2018-11-19 23:04:11,194 : INFO : Batch 1000 of 5019. Average loss over past 1000 batches: 2.334
2018-11-19 23:04:23,371 : INFO : Batch 2000 of 5019. Average loss over past 1000 batches: 2.313
2018-11-19 23:04:35,665 : INFO : Batch 3000 of 5019. Average loss over past 1000 batches: 2.331
2018-11-19 23:04:47,731 : INFO : Batch 4000 of 5019. Average loss over past 1000 batches: 2.278
2018-11-19 23:04:59,829 : INFO : Batch 5000 of 5019. Average loss over past 1000 batches: 2.334
2018-11-19 23:05:00,071 : INFO : 
Done epoch 10. Some common words and their neighbours:
2018-11-19 23:05:00,106 : INFO : 
one: ['another', 'provisioned', 'queries', 'efficacy', 'lourey']
president: ['chairman', 'director', 'mayor', 'head', 'presidents']
but: ['although', 'however', 'while', 'though', 'because']
analyst: ['broker', 'consultant', 'specialist', 'trader', 'source']
it: ['he', 'she', 'they', 'everyone', 'there']
pounds: ['stg', 'pound', 'francs', 'crowns', 'yuan']
has: ['had', 'have', 'having', 'hasn', 've']
have: ['had', 'has', 've', 'haven', 'having']
2018-11-19 23:05:12,170 : INFO : Batch 1000 of 5019. Average loss over past 1000 batches: 2.271
2018-11-19 23:05:24,263 : INFO : Batch 2000 of 5019. Average loss over past 1000 batches: 2.257
2018-11-19 23:05:36,369 : INFO : Batch 3000 of 5019. Average loss over past 1000 batches: 2.271
2018-11-19 23:05:48,461 : INFO : Batch 4000 of 5019. Average loss over past 1000 batches: 2.215
2018-11-19 23:06:00,661 : INFO : Batch 5000 of 5019. Average loss over past 1000 batches: 2.279
2018-11-19 23:06:00,879 : INFO : 
Done epoch 11. Some common words and their neighbours:
2018-11-19 23:06:00,914 : INFO : 
one: ['another', 'provisioned', 'mcgee', 'queries', 'lourey']
president: ['chairman', 'director', 'mayor', 'presidents', 'head']
but: ['although', 'however', 'while', 'because', 'though']
analyst: ['broker', 'consultant', 'specialist', 'trader', 'economist']
it: ['he', 'she', 'they', 'everyone', 'bt']
pounds: ['stg', 'pound', 'francs', 'crowns', 'subscribers']
has: ['had', 'have', 'hasn', 'having', 've']
have: ['had', 'has', 've', 'haven', 'having']
2018-11-19 23:06:12,981 : INFO : Batch 1000 of 5019. Average loss over past 1000 batches: 2.212
2018-11-19 23:06:25,070 : INFO : Batch 2000 of 5019. Average loss over past 1000 batches: 2.205
2018-11-19 23:06:37,405 : INFO : Batch 3000 of 5019. Average loss over past 1000 batches: 2.220
2018-11-19 23:06:49,617 : INFO : Batch 4000 of 5019. Average loss over past 1000 batches: 2.165
2018-11-19 23:07:01,611 : INFO : Batch 5000 of 5019. Average loss over past 1000 batches: 2.224
2018-11-19 23:07:01,824 : INFO : 
Done epoch 12. Some common words and their neighbours:
2018-11-19 23:07:01,866 : INFO : 
one: ['another', 'mcgee', 'lourey', 'provisioned', 'queries']
president: ['chairman', 'director', 'mayor', 'presidents', 'head']
but: ['although', 'however', 'while', 'because', 'though']
analyst: ['broker', 'consultant', 'specialist', 'trader', 'source']
it: ['he', 'she', 'they', 'everyone', 'everybody']
pounds: ['stg', 'pound', 'francs', 'crowns', 'subscribers']
has: ['had', 'have', 'hasn', 'having', 've']
have: ['had', 'has', 've', 'haven', 'having']
2018-11-19 23:07:14,128 : INFO : Batch 1000 of 5019. Average loss over past 1000 batches: 2.160
2018-11-19 23:07:26,461 : INFO : Batch 2000 of 5019. Average loss over past 1000 batches: 2.156
2018-11-19 23:07:38,793 : INFO : Batch 3000 of 5019. Average loss over past 1000 batches: 2.175
2018-11-19 23:07:50,883 : INFO : Batch 4000 of 5019. Average loss over past 1000 batches: 2.117
2018-11-19 23:08:03,223 : INFO : Batch 5000 of 5019. Average loss over past 1000 batches: 2.180
2018-11-19 23:08:03,473 : INFO : 
Done epoch 13. Some common words and their neighbours:
2018-11-19 23:08:03,506 : INFO : 
one: ['another', 'mcgee', 'lourey', 'provisioned', 'efficacy']
president: ['chairman', 'director', 'mayor', 'presidents', 'head']
but: ['although', 'however', 'while', 'because', 'though']
analyst: ['consultant', 'broker', 'specialist', 'trader', 'economist']
it: ['he', 'she', 'they', 'everyone', 'there']
pounds: ['stg', 'pound', 'francs', 'crowns', 'subscribers']
has: ['had', 'have', 'hasn', 'having', 've']
have: ['had', 'has', 've', 'haven', 'having']
2018-11-19 23:08:16,026 : INFO : Batch 1000 of 5019. Average loss over past 1000 batches: 2.119
2018-11-19 23:08:27,962 : INFO : Batch 2000 of 5019. Average loss over past 1000 batches: 2.115
2018-11-19 23:08:40,311 : INFO : Batch 3000 of 5019. Average loss over past 1000 batches: 2.136
2018-11-19 23:08:52,620 : INFO : Batch 4000 of 5019. Average loss over past 1000 batches: 2.076
2018-11-19 23:09:04,797 : INFO : Batch 5000 of 5019. Average loss over past 1000 batches: 2.143
2018-11-19 23:09:05,021 : INFO : 
Done epoch 14. Some common words and their neighbours:
2018-11-19 23:09:05,075 : INFO : 
one: ['another', 'mcgee', 'provisioned', 'lourey', 'queries']
president: ['chairman', 'director', 'mayor', 'presidents', 'head']
but: ['although', 'however', 'while', 'because', 'though']
analyst: ['consultant', 'broker', 'specialist', 'trader', 'representative']
it: ['he', 'she', 'they', 'everyone', 'there']
pounds: ['stg', 'pound', 'francs', 'crowns', 'subscribers']
has: ['had', 'have', 'hasn', 'having', 've']
have: ['had', 'has', 've', 'haven', 'hadn']
2018-11-19 23:09:17,722 : INFO : Batch 1000 of 5019. Average loss over past 1000 batches: 2.074
2018-11-19 23:09:29,861 : INFO : Batch 2000 of 5019. Average loss over past 1000 batches: 2.075
2018-11-19 23:09:41,989 : INFO : Batch 3000 of 5019. Average loss over past 1000 batches: 2.099
2018-11-19 23:09:53,961 : INFO : Batch 4000 of 5019. Average loss over past 1000 batches: 2.040
2018-11-19 23:10:06,235 : INFO : Batch 5000 of 5019. Average loss over past 1000 batches: 2.102
2018-11-19 23:10:06,470 : INFO : 
Done epoch 15. Some common words and their neighbours:
2018-11-19 23:10:06,500 : INFO : 
one: ['another', 'mcgee', 'provisioned', 'lourey', 'queries']
president: ['chairman', 'director', 'mayor', 'presidents', 'head']
but: ['although', 'however', 'while', 'because', 'though']
analyst: ['broker', 'consultant', 'specialist', 'trader', 'representative']
it: ['he', 'she', 'they', 'everyone', 'there']
pounds: ['stg', 'pound', 'francs', 'crowns', 'subscribers']
has: ['had', 'have', 'hasn', 'having', 've']
have: ['had', 've', 'has', 'haven', 'hadn']
2018-11-19 23:10:18,774 : INFO : Batch 1000 of 5019. Average loss over past 1000 batches: 2.041
2018-11-19 23:10:30,863 : INFO : Batch 2000 of 5019. Average loss over past 1000 batches: 2.042
2018-11-19 23:10:43,186 : INFO : Batch 3000 of 5019. Average loss over past 1000 batches: 2.062
2018-11-19 23:10:55,372 : INFO : Batch 4000 of 5019. Average loss over past 1000 batches: 2.003
2018-11-19 23:11:07,485 : INFO : Batch 5000 of 5019. Average loss over past 1000 batches: 2.072
2018-11-19 23:11:07,705 : INFO : 
Done epoch 16. Some common words and their neighbours:
2018-11-19 23:11:07,738 : INFO : 
one: ['another', 'mcgee', 'provisioned', 'lourey', 'futher']
president: ['chairman', 'director', 'mayor', 'presidents', 'head']
but: ['although', 'however', 'while', 'because', 'and']
analyst: ['consultant', 'broker', 'specialist', 'trader', 'source']
it: ['he', 'she', 'they', 'there', 'everyone']
pounds: ['stg', 'pound', 'francs', 'crowns', 'subscribers']
has: ['had', 'have', 'hasn', 'having', 've']
have: ['had', 'has', 've', 'haven', 'hadn']
2018-11-19 23:11:20,032 : INFO : Batch 1000 of 5019. Average loss over past 1000 batches: 2.008
2018-11-19 23:11:32,237 : INFO : Batch 2000 of 5019. Average loss over past 1000 batches: 2.011
2018-11-19 23:11:44,323 : INFO : Batch 3000 of 5019. Average loss over past 1000 batches: 2.028
2018-11-19 23:11:56,216 : INFO : Batch 4000 of 5019. Average loss over past 1000 batches: 1.976
2018-11-19 23:12:08,480 : INFO : Batch 5000 of 5019. Average loss over past 1000 batches: 2.040
2018-11-19 23:12:08,704 : INFO : 
Done epoch 17. Some common words and their neighbours:
2018-11-19 23:12:08,734 : INFO : 
one: ['another', 'mcgee', 'provisioned', 'mcconvey', 'lourey']
president: ['chairman', 'director', 'mayor', 'presidents', 'head']
but: ['although', 'however', 'while', 'because', 'though']
analyst: ['consultant', 'broker', 'specialist', 'trader', 'representative']
it: ['he', 'she', 'they', 'there', 'stale']
pounds: ['stg', 'pound', 'francs', 'crowns', 'subscribers']
has: ['had', 'have', 'hasn', 've', 'having']
have: ['had', 'has', 've', 'haven', 'hadn']
2018-11-19 23:12:21,072 : INFO : Batch 1000 of 5019. Average loss over past 1000 batches: 1.977
2018-11-19 23:12:32,973 : INFO : Batch 2000 of 5019. Average loss over past 1000 batches: 1.985
2018-11-19 23:12:45,269 : INFO : Batch 3000 of 5019. Average loss over past 1000 batches: 2.003
2018-11-19 23:12:57,500 : INFO : Batch 4000 of 5019. Average loss over past 1000 batches: 1.948
2018-11-19 23:13:09,614 : INFO : Batch 5000 of 5019. Average loss over past 1000 batches: 2.010
2018-11-19 23:13:09,831 : INFO : 
Done epoch 18. Some common words and their neighbours:
2018-11-19 23:13:09,875 : INFO : 
one: ['another', 'mcgee', 'provisioned', 'mcconvey', 'costind']
president: ['chairman', 'director', 'mayor', 'presidents', 'head']
but: ['although', 'however', 'while', 'because', 'and']
analyst: ['consultant', 'specialist', 'broker', 'trader', 'representative']
it: ['he', 'she', 'they', 'there', 'merc']
pounds: ['stg', 'pound', 'francs', 'crowns', 'yuan']
has: ['had', 'have', 'hasn', 'having', 'holds']
have: ['had', 'has', 've', 'haven', 'hadn']
2018-11-19 23:13:21,776 : INFO : Batch 1000 of 5019. Average loss over past 1000 batches: 1.950
2018-11-19 23:13:34,021 : INFO : Batch 2000 of 5019. Average loss over past 1000 batches: 1.957
2018-11-19 23:13:46,260 : INFO : Batch 3000 of 5019. Average loss over past 1000 batches: 1.982
2018-11-19 23:13:58,138 : INFO : Batch 4000 of 5019. Average loss over past 1000 batches: 1.920
2018-11-19 23:14:10,414 : INFO : Batch 5000 of 5019. Average loss over past 1000 batches: 1.983
2018-11-19 23:14:10,639 : INFO : 
Done epoch 19. Some common words and their neighbours:
2018-11-19 23:14:10,687 : INFO : 
one: ['another', 'mcgee', 'mcconvey', 'provisioned', 'costind']
president: ['chairman', 'director', 'mayor', 'presidents', 'head']
but: ['although', 'however', 'while', 'because', 'and']
analyst: ['consultant', 'specialist', 'trader', 'broker', 'source']
it: ['he', 'she', 'they', 'there', 'cwc']
pounds: ['stg', 'pound', 'francs', 'crowns', 'yuan']
has: ['had', 'have', 'hasn', 'having', 'holds']
have: ['had', 'has', 've', 'haven', 'hadn']
2018-11-19 23:14:23,280 : INFO : Batch 1000 of 5019. Average loss over past 1000 batches: 1.931
2018-11-19 23:14:35,298 : INFO : Batch 2000 of 5019. Average loss over past 1000 batches: 1.933
2018-11-19 23:14:47,428 : INFO : Batch 3000 of 5019. Average loss over past 1000 batches: 1.954
2018-11-19 23:14:59,623 : INFO : Batch 4000 of 5019. Average loss over past 1000 batches: 1.894
2018-11-19 23:15:11,827 : INFO : Batch 5000 of 5019. Average loss over past 1000 batches: 1.961
2018-11-19 23:15:12,068 : INFO : 
Done epoch 20. Some common words and their neighbours:
2018-11-19 23:15:12,102 : INFO : 
one: ['another', 'mcgee', 'mcconvey', 'seven', 'provisioned']
president: ['chairman', 'director', 'mayor', 'presidents', 'chariman']
but: ['although', 'however', 'while', 'because', 'though']
analyst: ['consultant', 'specialist', 'trader', 'broker', 'source']
it: ['he', 'she', 'they', 'cwc', 'there']
pounds: ['stg', 'pound', 'francs', 'crowns', 'subscribers']
has: ['had', 'have', 'hasn', 'having', 'holds']
have: ['had', 'has', 've', 'haven', 'hadn']
2018-11-19 23:15:24,187 : INFO : Batch 1000 of 5019. Average loss over past 1000 batches: 1.908
2018-11-19 23:15:36,371 : INFO : Batch 2000 of 5019. Average loss over past 1000 batches: 1.909
2018-11-19 23:15:48,612 : INFO : Batch 3000 of 5019. Average loss over past 1000 batches: 1.932
2018-11-19 23:16:00,722 : INFO : Batch 4000 of 5019. Average loss over past 1000 batches: 1.875
2018-11-19 23:16:12,919 : INFO : Batch 5000 of 5019. Average loss over past 1000 batches: 1.941
2018-11-19 23:16:13,161 : INFO : 
Done epoch 21. Some common words and their neighbours:
2018-11-19 23:16:13,197 : INFO : 
one: ['another', 'mcgee', 'mcconvey', 'provisioned', 'nisbet']
president: ['chairman', 'director', 'mayor', 'presidents', 'head']
but: ['although', 'however', 'while', 'because', 'and']
analyst: ['consultant', 'specialist', 'broker', 'trader', 'source']
it: ['he', 'she', 'they', 'cwc', 'there']
pounds: ['stg', 'pound', 'francs', 'crowns', 'tonnes']
has: ['had', 'have', 'hasn', 'having', 'holds']
have: ['had', 'has', 've', 'haven', 'hadn']
2018-11-19 23:16:25,428 : INFO : Batch 1000 of 5019. Average loss over past 1000 batches: 1.885
2018-11-19 23:16:37,325 : INFO : Batch 2000 of 5019. Average loss over past 1000 batches: 1.890
2018-11-19 23:16:49,571 : INFO : Batch 3000 of 5019. Average loss over past 1000 batches: 1.909
2018-11-19 23:17:01,818 : INFO : Batch 4000 of 5019. Average loss over past 1000 batches: 1.853
2018-11-19 23:17:14,017 : INFO : Batch 5000 of 5019. Average loss over past 1000 batches: 1.921
2018-11-19 23:17:14,232 : INFO : 
Done epoch 22. Some common words and their neighbours:
2018-11-19 23:17:14,284 : INFO : 
one: ['another', 'mcgee', 'mcconvey', 'woodlief', 'nisbet']
president: ['chairman', 'director', 'mayor', 'presidents', 'chariman']
but: ['although', 'however', 'while', 'because', 'and']
analyst: ['consultant', 'trader', 'broker', 'specialist', 'source']
it: ['she', 'he', 'they', 'cwc', 'merc']
pounds: ['stg', 'pound', 'francs', 'crowns', 'tonnes']
has: ['had', 'have', 'hasn', 'having', 'holds']
have: ['had', 'has', 've', 'haven', 'hadn']
2018-11-19 23:17:26,219 : INFO : Batch 1000 of 5019. Average loss over past 1000 batches: 1.866
2018-11-19 23:17:38,321 : INFO : Batch 2000 of 5019. Average loss over past 1000 batches: 1.872
2018-11-19 23:17:50,492 : INFO : Batch 3000 of 5019. Average loss over past 1000 batches: 1.893
2018-11-19 23:18:02,428 : INFO : Batch 4000 of 5019. Average loss over past 1000 batches: 1.833
2018-11-19 23:18:14,614 : INFO : Batch 5000 of 5019. Average loss over past 1000 batches: 1.900
2018-11-19 23:18:14,834 : INFO : 
Done epoch 23. Some common words and their neighbours:
2018-11-19 23:18:14,884 : INFO : 
one: ['another', 'mcgee', 'mcconvey', 'nisbet', 'costind']
president: ['chairman', 'director', 'mayor', 'chariman', 'presidents']
but: ['although', 'however', 'while', 'because', 'though']
analyst: ['consultant', 'broker', 'specialist', 'trader', 'source']
it: ['she', 'he', 'they', 'merc', 'cwc']
pounds: ['stg', 'pound', 'francs', 'crowns', 'tonnes']
has: ['had', 'have', 'hasn', 'having', 'holds']
have: ['had', 'has', 've', 'haven', 'hadn']
2018-11-19 23:18:27,198 : INFO : Batch 1000 of 5019. Average loss over past 1000 batches: 1.845
2018-11-19 23:18:39,261 : INFO : Batch 2000 of 5019. Average loss over past 1000 batches: 1.861
2018-11-19 23:18:51,378 : INFO : Batch 3000 of 5019. Average loss over past 1000 batches: 1.876
2018-11-19 23:19:03,512 : INFO : Batch 4000 of 5019. Average loss over past 1000 batches: 1.823
2018-11-19 23:19:15,728 : INFO : Batch 5000 of 5019. Average loss over past 1000 batches: 1.886
2018-11-19 23:19:15,962 : INFO : 
Done epoch 24. Some common words and their neighbours:
2018-11-19 23:19:15,997 : INFO : 
one: ['another', 'mcgee', 'mcconvey', 'nisbet', 'costind']
president: ['chairman', 'director', 'mayor', 'chariman', 'presidents']
but: ['although', 'however', 'while', 'because', 'and']
analyst: ['consultant', 'specialist', 'broker', 'trader', 'source']
it: ['he', 'she', 'merc', 'they', 'eraf']
pounds: ['stg', 'pound', 'francs', 'crowns', 'tonnes']
has: ['had', 'have', 'hasn', 'having', 'holds']
have: ['had', 'has', 've', 'haven', 'hadn']
